{"/home/caadmin/class/bookmarks-mern-client-start/bookmarks-mern-client/src/App.js": {"path":"/home/caadmin/class/bookmarks-mern-client-start/bookmarks-mern-client/src/App.js","statementMap":{"0":{"start":{"line":13,"column":4},"end":{"line":13,"column":40}},"1":{"start":{"line":17,"column":4},"end":{"line":17,"column":40}},"2":{"start":{"line":21,"column":4},"end":{"line":24,"column":5}},"3":{"start":{"line":28,"column":4},"end":{"line":31,"column":5}},"4":{"start":{"line":35,"column":4},"end":{"line":38,"column":5}},"5":{"start":{"line":42,"column":4},"end":{"line":54,"column":5}},"6":{"start":{"line":43,"column":6},"end":{"line":43,"column":28}},"7":{"start":{"line":44,"column":19},"end":{"line":44,"column":31}},"8":{"start":{"line":45,"column":23},"end":{"line":48,"column":8}},"9":{"start":{"line":49,"column":6},"end":{"line":49,"column":38}},"10":{"start":{"line":50,"column":6},"end":{"line":50,"column":33}},"11":{"start":{"line":51,"column":6},"end":{"line":51,"column":27}},"12":{"start":{"line":53,"column":6},"end":{"line":53,"column":61}},"13":{"start":{"line":58,"column":4},"end":{"line":61,"column":6}},"14":{"start":{"line":59,"column":6},"end":{"line":59,"column":38}},"15":{"start":{"line":60,"column":6},"end":{"line":60,"column":49}},"16":{"start":{"line":65,"column":20},"end":{"line":65,"column":89}},"17":{"start":{"line":65,"column":69},"end":{"line":65,"column":88}},"18":{"start":{"line":66,"column":6},"end":{"line":70,"column":7}},"19":{"start":{"line":67,"column":26},"end":{"line":67,"column":57}},"20":{"start":{"line":68,"column":8},"end":{"line":68,"column":34}},"21":{"start":{"line":69,"column":8},"end":{"line":69,"column":58}},"22":{"start":{"line":74,"column":25},"end":{"line":74,"column":60}},"23":{"start":{"line":75,"column":26},"end":{"line":75,"column":42}},"24":{"start":{"line":76,"column":4},"end":{"line":113,"column":6}},"25":{"start":{"line":82,"column":14},"end":{"line":86,"column":15}},"26":{"start":{"line":83,"column":16},"end":{"line":83,"column":52}},"27":{"start":{"line":85,"column":16},"end":{"line":85,"column":109}},"28":{"start":{"line":90,"column":14},"end":{"line":107,"column":15}},"29":{"start":{"line":100,"column":34},"end":{"line":100,"column":100}},"30":{"start":{"line":117,"column":4},"end":{"line":120,"column":5}},"31":{"start":{"line":118,"column":6},"end":{"line":118,"column":24}},"32":{"start":{"line":119,"column":6},"end":{"line":119,"column":27}},"33":{"start":{"line":124,"column":4},"end":{"line":130,"column":5}},"34":{"start":{"line":125,"column":24},"end":{"line":125,"column":51}},"35":{"start":{"line":126,"column":6},"end":{"line":126,"column":61}},"36":{"start":{"line":129,"column":6},"end":{"line":129,"column":36}}},"fnMap":{"0":{"name":"(anonymous_0)","decl":{"start":{"line":12,"column":2},"end":{"line":12,"column":3}},"loc":{"start":{"line":12,"column":14},"end":{"line":14,"column":3}},"line":12},"1":{"name":"(anonymous_1)","decl":{"start":{"line":16,"column":2},"end":{"line":16,"column":3}},"loc":{"start":{"line":16,"column":19},"end":{"line":18,"column":3}},"line":16},"2":{"name":"(anonymous_2)","decl":{"start":{"line":20,"column":23},"end":{"line":20,"column":24}},"loc":{"start":{"line":20,"column":38},"end":{"line":25,"column":3}},"line":20},"3":{"name":"(anonymous_3)","decl":{"start":{"line":27,"column":2},"end":{"line":27,"column":3}},"loc":{"start":{"line":27,"column":35},"end":{"line":32,"column":3}},"line":27},"4":{"name":"(anonymous_4)","decl":{"start":{"line":34,"column":2},"end":{"line":34,"column":3}},"loc":{"start":{"line":34,"column":29},"end":{"line":39,"column":3}},"line":34},"5":{"name":"(anonymous_5)","decl":{"start":{"line":41,"column":17},"end":{"line":41,"column":18}},"loc":{"start":{"line":41,"column":34},"end":{"line":55,"column":3}},"line":41},"6":{"name":"(anonymous_6)","decl":{"start":{"line":57,"column":18},"end":{"line":57,"column":19}},"loc":{"start":{"line":57,"column":29},"end":{"line":62,"column":3}},"line":57},"7":{"name":"(anonymous_7)","decl":{"start":{"line":58,"column":33},"end":{"line":58,"column":34}},"loc":{"start":{"line":58,"column":39},"end":{"line":61,"column":5}},"line":58},"8":{"name":"(anonymous_8)","decl":{"start":{"line":64,"column":11},"end":{"line":64,"column":12}},"loc":{"start":{"line":64,"column":19},"end":{"line":71,"column":3}},"line":64},"9":{"name":"(anonymous_9)","decl":{"start":{"line":65,"column":57},"end":{"line":65,"column":58}},"loc":{"start":{"line":65,"column":69},"end":{"line":65,"column":88}},"line":65},"10":{"name":"(anonymous_10)","decl":{"start":{"line":73,"column":2},"end":{"line":73,"column":3}},"loc":{"start":{"line":73,"column":11},"end":{"line":114,"column":3}},"line":73},"11":{"name":"(anonymous_11)","decl":{"start":{"line":81,"column":47},"end":{"line":81,"column":48}},"loc":{"start":{"line":81,"column":58},"end":{"line":87,"column":13}},"line":81},"12":{"name":"(anonymous_12)","decl":{"start":{"line":89,"column":51},"end":{"line":89,"column":52}},"loc":{"start":{"line":90,"column":14},"end":{"line":107,"column":15}},"line":90},"13":{"name":"(anonymous_13)","decl":{"start":{"line":100,"column":22},"end":{"line":100,"column":23}},"loc":{"start":{"line":100,"column":34},"end":{"line":100,"column":100}},"line":100},"14":{"name":"(anonymous_14)","decl":{"start":{"line":116,"column":2},"end":{"line":116,"column":3}},"loc":{"start":{"line":116,"column":22},"end":{"line":121,"column":3}},"line":116},"15":{"name":"(anonymous_15)","decl":{"start":{"line":123,"column":2},"end":{"line":123,"column":3}},"loc":{"start":{"line":123,"column":25},"end":{"line":131,"column":3}},"line":123}},"branchMap":{"0":{"loc":{"start":{"line":66,"column":6},"end":{"line":70,"column":7}},"type":"if","locations":[{"start":{"line":66,"column":6},"end":{"line":70,"column":7}},{"start":{"line":66,"column":6},"end":{"line":70,"column":7}}],"line":66},"1":{"loc":{"start":{"line":74,"column":25},"end":{"line":74,"column":60}},"type":"binary-expr","locations":[{"start":{"line":74,"column":25},"end":{"line":74,"column":35}},{"start":{"line":74,"column":39},"end":{"line":74,"column":60}}],"line":74},"2":{"loc":{"start":{"line":82,"column":14},"end":{"line":86,"column":15}},"type":"if","locations":[{"start":{"line":82,"column":14},"end":{"line":86,"column":15}},{"start":{"line":82,"column":14},"end":{"line":86,"column":15}}],"line":82},"3":{"loc":{"start":{"line":90,"column":14},"end":{"line":107,"column":15}},"type":"cond-expr","locations":[{"start":{"line":91,"column":16},"end":{"line":104,"column":27}},{"start":{"line":106,"column":16},"end":{"line":106,"column":39}}],"line":90},"4":{"loc":{"start":{"line":117,"column":4},"end":{"line":120,"column":5}},"type":"if","locations":[{"start":{"line":117,"column":4},"end":{"line":120,"column":5}},{"start":{"line":117,"column":4},"end":{"line":120,"column":5}}],"line":117}},"s":{"0":2,"1":0,"2":0,"3":0,"4":0,"5":0,"6":0,"7":0,"8":0,"9":0,"10":0,"11":0,"12":0,"13":0,"14":0,"15":0,"16":0,"17":0,"18":0,"19":0,"20":0,"21":0,"22":1,"23":1,"24":1,"25":0,"26":0,"27":0,"28":0,"29":0,"30":1,"31":0,"32":0,"33":0,"34":0,"35":0,"36":0},"f":{"0":2,"1":0,"2":0,"3":0,"4":0,"5":0,"6":0,"7":0,"8":0,"9":0,"10":1,"11":0,"12":0,"13":0,"14":1,"15":0},"b":{"0":[0,0],"1":[1,0],"2":[0,0],"3":[0,0],"4":[0,1]},"_coverageSchema":"332fd63041d2c1bcb487cc26dd0d5f7d97098a6c","hash":"bd653a9c32c421b032a1af55043cbfa51ee8da31"}
,"/home/caadmin/class/bookmarks-mern-client-start/bookmarks-mern-client/src/index.js": {"path":"/home/caadmin/class/bookmarks-mern-client-start/bookmarks-mern-client/src/index.js","statementMap":{"0":{"start":{"line":1,"column":32},"end":{"line":1,"column":116}},"1":{"start":{"line":1,"column":130},"end":{"line":1,"column":146}},"2":{"start":{"line":1,"column":161},"end":{"line":1,"column":191}},"3":{"start":{"line":2,"column":16},"end":{"line":2,"column":36}},"4":{"start":{"line":2,"column":54},"end":{"line":2,"column":87}},"5":{"start":{"line":3,"column":0},"end":{"line":3,"column":23}},"6":{"start":{"line":4,"column":11},"end":{"line":4,"column":27}},"7":{"start":{"line":4,"column":40},"end":{"line":4,"column":68}},"8":{"start":{"line":5,"column":29},"end":{"line":5,"column":63}},"9":{"start":{"line":5,"column":94},"end":{"line":5,"column":140}},"10":{"start":{"line":6,"column":13},"end":{"line":6,"column":31}},"11":{"start":{"line":6,"column":46},"end":{"line":6,"column":76}},"12":{"start":{"line":6,"column":115},"end":{"line":6,"column":169}},"13":{"start":{"line":8,"column":15},"end":{"line":8,"column":201}},"14":{"start":{"line":8,"column":21},"end":{"line":8,"column":201}},"15":{"start":{"line":9,"column":0},"end":{"line":9,"column":39}},"16":{"start":{"line":11,"column":0},"end":{"line":11,"column":34}},"17":{"start":{"line":12,"column":0},"end":{"line":12,"column":9}}},"fnMap":{"0":{"name":"_interopRequireDefault","decl":{"start":{"line":6,"column":86},"end":{"line":6,"column":108}},"loc":{"start":{"line":6,"column":114},"end":{"line":6,"column":170}},"line":6},"1":{"name":"(anonymous_1)","decl":{"start":{"line":8,"column":15},"end":{"line":8,"column":16}},"loc":{"start":{"line":8,"column":21},"end":{"line":8,"column":201}},"line":8}},"branchMap":{"0":{"loc":{"start":{"line":6,"column":122},"end":{"line":6,"column":168}},"type":"cond-expr","locations":[{"start":{"line":6,"column":146},"end":{"line":6,"column":149}},{"start":{"line":6,"column":152},"end":{"line":6,"column":168}}],"line":6},"1":{"loc":{"start":{"line":6,"column":122},"end":{"line":6,"column":143}},"type":"binary-expr","locations":[{"start":{"line":6,"column":122},"end":{"line":6,"column":125}},{"start":{"line":6,"column":129},"end":{"line":6,"column":143}}],"line":6}},"s":{"0":0,"1":0,"2":0,"3":0,"4":0,"5":0,"6":0,"7":0,"8":0,"9":0,"10":0,"11":0,"12":0,"13":0,"14":0,"15":0,"16":0,"17":0},"f":{"0":0,"1":0},"b":{"0":[0,0],"1":[0,0]}}
,"/home/caadmin/class/bookmarks-mern-client-start/bookmarks-mern-client/src/localStorage.js": {"path":"/home/caadmin/class/bookmarks-mern-client-start/bookmarks-mern-client/src/localStorage.js","statementMap":{"0":{"start":{"line":3,"column":28},"end":{"line":3,"column":51}},"1":{"start":{"line":4,"column":19},"end":{"line":4,"column":34}},"2":{"start":{"line":5,"column":23},"end":{"line":5,"column":45}},"3":{"start":{"line":6,"column":17},"end":{"line":6,"column":32}}},"fnMap":{"0":{"name":"(anonymous_0)","decl":{"start":{"line":3,"column":12},"end":{"line":3,"column":13}},"loc":{"start":{"line":3,"column":28},"end":{"line":3,"column":51}},"line":3},"1":{"name":"(anonymous_1)","decl":{"start":{"line":4,"column":12},"end":{"line":4,"column":13}},"loc":{"start":{"line":4,"column":19},"end":{"line":4,"column":34}},"line":4},"2":{"name":"(anonymous_2)","decl":{"start":{"line":5,"column":15},"end":{"line":5,"column":16}},"loc":{"start":{"line":5,"column":22},"end":{"line":5,"column":46}},"line":5},"3":{"name":"(anonymous_3)","decl":{"start":{"line":6,"column":10},"end":{"line":6,"column":11}},"loc":{"start":{"line":6,"column":17},"end":{"line":6,"column":32}},"line":6}},"branchMap":{},"s":{"0":3,"1":5,"2":1,"3":1},"f":{"0":3,"1":5,"2":1,"3":1},"b":{},"_coverageSchema":"332fd63041d2c1bcb487cc26dd0d5f7d97098a6c","hash":"37d07a484d8db99e0488ec498cf47b11369c7390"}
,"/home/caadmin/class/bookmarks-mern-client-start/bookmarks-mern-client/src/registerServiceWorker.js": {"path":"/home/caadmin/class/bookmarks-mern-client-start/bookmarks-mern-client/src/registerServiceWorker.js","statementMap":{"0":{"start":{"line":1,"column":13},"end":{"line":1,"column":75}},"1":{"start":{"line":1,"column":75},"end":{"line":21,"column":9}},"2":{"start":{"line":21,"column":9},"end":{"line":111,"column":24}},"3":{"start":{"line":118,"column":20},"end":{"line":120,"column":89}},"4":{"start":{"line":120,"column":111},"end":{"line":128,"column":36}},"5":{"start":{"line":121,"column":22},"end":{"line":121,"column":70}},"6":{"start":{"line":121,"column":71},"end":{"line":124,"column":14}},"7":{"start":{"line":124,"column":6},"end":{"line":124,"column":13}},"8":{"start":{"line":124,"column":14},"end":{"line":128,"column":35}},"9":{"start":{"line":124,"column":67},"end":{"line":124,"column":112}},"10":{"start":{"line":124,"column":113},"end":{"line":128,"column":32}},"11":{"start":{"line":125,"column":8},"end":{"line":125,"column":39}},"12":{"start":{"line":127,"column":8},"end":{"line":127,"column":178}},"13":{"start":{"line":127,"column":50},"end":{"line":127,"column":175}},"14":{"start":{"line":128,"column":8},"end":{"line":128,"column":31}},"15":{"start":{"line":128,"column":70},"end":{"line":135,"column":156}},"16":{"start":{"line":128,"column":132},"end":{"line":135,"column":68}},"17":{"start":{"line":128,"column":193},"end":{"line":128,"column":216}},"18":{"start":{"line":128,"column":217},"end":{"line":135,"column":66}},"19":{"start":{"line":128,"column":257},"end":{"line":135,"column":64}},"20":{"start":{"line":128,"column":302},"end":{"line":135,"column":63}},"21":{"start":{"line":132,"column":12},"end":{"line":132,"column":69}},"22":{"start":{"line":135,"column":12},"end":{"line":135,"column":62}},"23":{"start":{"line":135,"column":87},"end":{"line":135,"column":153}},"24":{"start":{"line":136,"column":2},"end":{"line":139,"column":126}},"25":{"start":{"line":137,"column":4},"end":{"line":139,"column":30}},"26":{"start":{"line":138,"column":6},"end":{"line":138,"column":127}},"27":{"start":{"line":138,"column":58},"end":{"line":138,"column":124}},"28":{"start":{"line":138,"column":96},"end":{"line":138,"column":121}},"29":{"start":{"line":139,"column":6},"end":{"line":139,"column":29}},"30":{"start":{"line":139,"column":46},"end":{"line":139,"column":123}},"31":{"start":{"line":139,"column":150},"end":{"line":139,"column":267}},"32":{"start":{"line":139,"column":185},"end":{"line":139,"column":266}},"33":{"start":{"line":139,"column":237},"end":{"line":139,"column":263}}},"fnMap":{"0":{"name":"register","decl":{"start":{"line":120,"column":99},"end":{"line":120,"column":107}},"loc":{"start":{"line":120,"column":110},"end":{"line":128,"column":37}},"line":120},"1":{"name":"(anonymous_1)","decl":{"start":{"line":124,"column":46},"end":{"line":124,"column":47}},"loc":{"start":{"line":124,"column":52},"end":{"line":128,"column":33}},"line":124},"2":{"name":"(anonymous_2)","decl":{"start":{"line":127,"column":43},"end":{"line":127,"column":44}},"loc":{"start":{"line":127,"column":49},"end":{"line":127,"column":176}},"line":127},"3":{"name":"registerValidSW","decl":{"start":{"line":128,"column":46},"end":{"line":128,"column":61}},"loc":{"start":{"line":128,"column":69},"end":{"line":135,"column":157}},"line":128},"4":{"name":"(anonymous_4)","decl":{"start":{"line":128,"column":115},"end":{"line":128,"column":116}},"loc":{"start":{"line":128,"column":131},"end":{"line":135,"column":69}},"line":128},"5":{"name":"(anonymous_5)","decl":{"start":{"line":128,"column":161},"end":{"line":128,"column":162}},"loc":{"start":{"line":128,"column":167},"end":{"line":135,"column":67}},"line":128},"6":{"name":"(anonymous_6)","decl":{"start":{"line":128,"column":250},"end":{"line":128,"column":251}},"loc":{"start":{"line":128,"column":256},"end":{"line":135,"column":65}},"line":128},"7":{"name":"(anonymous_7)","decl":{"start":{"line":135,"column":77},"end":{"line":135,"column":78}},"loc":{"start":{"line":135,"column":86},"end":{"line":135,"column":154}},"line":135},"8":{"name":"checkValidServiceWorker","decl":{"start":{"line":135,"column":166},"end":{"line":135,"column":189}},"loc":{"start":{"line":135,"column":197},"end":{"line":139,"column":127}},"line":135},"9":{"name":"(anonymous_9)","decl":{"start":{"line":136,"column":20},"end":{"line":136,"column":21}},"loc":{"start":{"line":136,"column":32},"end":{"line":139,"column":31}},"line":136},"10":{"name":"(anonymous_10)","decl":{"start":{"line":138,"column":41},"end":{"line":138,"column":42}},"loc":{"start":{"line":138,"column":57},"end":{"line":138,"column":125}},"line":138},"11":{"name":"(anonymous_11)","decl":{"start":{"line":138,"column":89},"end":{"line":138,"column":90}},"loc":{"start":{"line":138,"column":95},"end":{"line":138,"column":122}},"line":138},"12":{"name":"(anonymous_12)","decl":{"start":{"line":139,"column":39},"end":{"line":139,"column":40}},"loc":{"start":{"line":139,"column":45},"end":{"line":139,"column":124}},"line":139},"13":{"name":"unregister","decl":{"start":{"line":139,"column":136},"end":{"line":139,"column":146}},"loc":{"start":{"line":139,"column":149},"end":{"line":139,"column":268}},"line":139},"14":{"name":"(anonymous_14)","decl":{"start":{"line":139,"column":220},"end":{"line":139,"column":221}},"loc":{"start":{"line":139,"column":236},"end":{"line":139,"column":264}},"line":139}},"branchMap":{"0":{"loc":{"start":{"line":118,"column":28},"end":{"line":120,"column":88}},"type":"binary-expr","locations":[{"start":{"line":118,"column":28},"end":{"line":118,"column":68}},{"start":{"line":119,"column":0},"end":{"line":119,"column":36}},{"start":{"line":120,"column":0},"end":{"line":120,"column":88}}],"line":118},"1":{"loc":{"start":{"line":120,"column":111},"end":{"line":128,"column":36}},"type":"if","locations":[{"start":{"line":120,"column":111},"end":{"line":128,"column":36}},{"start":{"line":120,"column":111},"end":{"line":128,"column":36}}],"line":120},"2":{"loc":{"start":{"line":120,"column":115},"end":{"line":120,"column":184}},"type":"binary-expr","locations":[{"start":{"line":120,"column":115},"end":{"line":120,"column":152}},{"start":{"line":120,"column":156},"end":{"line":120,"column":184}}],"line":120},"3":{"loc":{"start":{"line":121,"column":71},"end":{"line":124,"column":14}},"type":"if","locations":[{"start":{"line":121,"column":71},"end":{"line":124,"column":14}},{"start":{"line":121,"column":71},"end":{"line":124,"column":14}}],"line":121},"4":{"loc":{"start":{"line":124,"column":113},"end":{"line":128,"column":32}},"type":"if","locations":[{"start":{"line":124,"column":113},"end":{"line":128,"column":32}},{"start":{"line":124,"column":113},"end":{"line":128,"column":32}}],"line":124},"5":{"loc":{"start":{"line":128,"column":257},"end":{"line":135,"column":64}},"type":"if","locations":[{"start":{"line":128,"column":257},"end":{"line":135,"column":64}},{"start":{"line":128,"column":257},"end":{"line":135,"column":64}}],"line":128},"6":{"loc":{"start":{"line":128,"column":302},"end":{"line":135,"column":63}},"type":"if","locations":[{"start":{"line":128,"column":302},"end":{"line":135,"column":63}},{"start":{"line":128,"column":302},"end":{"line":135,"column":63}}],"line":128},"7":{"loc":{"start":{"line":137,"column":4},"end":{"line":139,"column":30}},"type":"if","locations":[{"start":{"line":137,"column":4},"end":{"line":139,"column":30}},{"start":{"line":137,"column":4},"end":{"line":139,"column":30}}],"line":137},"8":{"loc":{"start":{"line":137,"column":8},"end":{"line":137,"column":100}},"type":"binary-expr","locations":[{"start":{"line":137,"column":8},"end":{"line":137,"column":31}},{"start":{"line":137,"column":35},"end":{"line":137,"column":100}}],"line":137},"9":{"loc":{"start":{"line":139,"column":150},"end":{"line":139,"column":267}},"type":"if","locations":[{"start":{"line":139,"column":150},"end":{"line":139,"column":267}},{"start":{"line":139,"column":150},"end":{"line":139,"column":267}}],"line":139}},"s":{"0":0,"1":0,"2":0,"3":0,"4":0,"5":0,"6":0,"7":0,"8":0,"9":0,"10":0,"11":0,"12":0,"13":0,"14":0,"15":0,"16":0,"17":0,"18":0,"19":0,"20":0,"21":0,"22":0,"23":0,"24":0,"25":0,"26":0,"27":0,"28":0,"29":0,"30":0,"31":0,"32":0,"33":0},"f":{"0":0,"1":0,"2":0,"3":0,"4":0,"5":0,"6":0,"7":0,"8":0,"9":0,"10":0,"11":0,"12":0,"13":0,"14":0},"b":{"0":[0,0,0],"1":[0,0],"2":[0,0],"3":[0,0],"4":[0,0],"5":[0,0],"6":[0,0],"7":[0,0],"8":[0,0],"9":[0,0]}}
,"/home/caadmin/class/bookmarks-mern-client-start/bookmarks-mern-client/src/store.js": {"path":"/home/caadmin/class/bookmarks-mern-client-start/bookmarks-mern-client/src/store.js","statementMap":{"0":{"start":{"line":3,"column":21},"end":{"line":7,"column":1}},"1":{"start":{"line":9,"column":16},"end":{"line":33,"column":1}},"2":{"start":{"line":10,"column":2},"end":{"line":32,"column":3}},"3":{"start":{"line":12,"column":8},"end":{"line":12,"column":55}},"4":{"start":{"line":14,"column":22},"end":{"line":14,"column":115}},"5":{"start":{"line":14,"column":79},"end":{"line":14,"column":114}},"6":{"start":{"line":15,"column":8},"end":{"line":22,"column":9}},"7":{"start":{"line":17,"column":27},"end":{"line":17,"column":37}},"8":{"start":{"line":18,"column":10},"end":{"line":18,"column":45}},"9":{"start":{"line":19,"column":10},"end":{"line":19,"column":25}},"10":{"start":{"line":21,"column":10},"end":{"line":21,"column":22}},"11":{"start":{"line":24,"column":8},"end":{"line":24,"column":52}},"12":{"start":{"line":26,"column":8},"end":{"line":26,"column":27}},"13":{"start":{"line":28,"column":8},"end":{"line":30,"column":7}},"14":{"start":{"line":29,"column":10},"end":{"line":29,"column":69}},"15":{"start":{"line":31,"column":6},"end":{"line":31,"column":18}}},"fnMap":{"0":{"name":"(anonymous_0)","decl":{"start":{"line":9,"column":16},"end":{"line":9,"column":17}},"loc":{"start":{"line":9,"column":35},"end":{"line":33,"column":1}},"line":9},"1":{"name":"(anonymous_1)","decl":{"start":{"line":14,"column":67},"end":{"line":14,"column":68}},"loc":{"start":{"line":14,"column":79},"end":{"line":14,"column":114}},"line":14}},"branchMap":{"0":{"loc":{"start":{"line":10,"column":2},"end":{"line":32,"column":3}},"type":"switch","locations":[{"start":{"line":11,"column":4},"end":{"line":12,"column":55}},{"start":{"line":13,"column":6},"end":{"line":22,"column":9}},{"start":{"line":23,"column":6},"end":{"line":24,"column":52}},{"start":{"line":25,"column":6},"end":{"line":26,"column":27}},{"start":{"line":27,"column":4},"end":{"line":31,"column":18}}],"line":10},"1":{"loc":{"start":{"line":14,"column":22},"end":{"line":14,"column":115}},"type":"binary-expr","locations":[{"start":{"line":14,"column":22},"end":{"line":14,"column":37}},{"start":{"line":14,"column":41},"end":{"line":14,"column":115}}],"line":14},"2":{"loc":{"start":{"line":15,"column":8},"end":{"line":22,"column":9}},"type":"if","locations":[{"start":{"line":15,"column":8},"end":{"line":22,"column":9}},{"start":{"line":15,"column":8},"end":{"line":22,"column":9}}],"line":15},"3":{"loc":{"start":{"line":15,"column":12},"end":{"line":15,"column":41}},"type":"binary-expr","locations":[{"start":{"line":15,"column":12},"end":{"line":15,"column":27}},{"start":{"line":15,"column":31},"end":{"line":15,"column":41}}],"line":15},"4":{"loc":{"start":{"line":28,"column":8},"end":{"line":30,"column":7}},"type":"if","locations":[{"start":{"line":28,"column":8},"end":{"line":30,"column":7}},{"start":{"line":28,"column":8},"end":{"line":30,"column":7}}],"line":28}},"s":{"0":1,"1":1,"2":1,"3":0,"4":0,"5":0,"6":0,"7":0,"8":0,"9":0,"10":0,"11":0,"12":0,"13":1,"14":0,"15":1},"f":{"0":1,"1":0},"b":{"0":[0,0,0,0,1],"1":[0,0],"2":[0,0],"3":[0,0],"4":[0,1]},"_coverageSchema":"332fd63041d2c1bcb487cc26dd0d5f7d97098a6c","hash":"98fd367afe8561e6714051c643ee6aec047db8fe"}
,"/home/caadmin/class/bookmarks-mern-client-start/bookmarks-mern-client/src/api/init.js": {"path":"/home/caadmin/class/bookmarks-mern-client-start/bookmarks-mern-client/src/api/init.js","statementMap":{"0":{"start":{"line":4,"column":12},"end":{"line":6,"column":2}},"1":{"start":{"line":10,"column":15},"end":{"line":12,"column":1}},"2":{"start":{"line":11,"column":2},"end":{"line":11,"column":66}}},"fnMap":{"0":{"name":"(anonymous_0)","decl":{"start":{"line":10,"column":15},"end":{"line":10,"column":16}},"loc":{"start":{"line":10,"column":26},"end":{"line":12,"column":1}},"line":10}},"branchMap":{},"s":{"0":1,"1":1,"2":0},"f":{"0":0},"b":{},"_coverageSchema":"332fd63041d2c1bcb487cc26dd0d5f7d97098a6c","hash":"650b14f27fd46394749489acc367b7a17e47bb44"}
,"/home/caadmin/class/bookmarks-mern-client-start/bookmarks-mern-client/src/components/Bookmark.js": {"path":"/home/caadmin/class/bookmarks-mern-client-start/bookmarks-mern-client/src/components/Bookmark.js","statementMap":{"0":{"start":{"line":4,"column":38},"end":{"line":4,"column":43}},"1":{"start":{"line":5,"column":2},"end":{"line":10,"column":3}},"2":{"start":{"line":8,"column":30},"end":{"line":8,"column":41}}},"fnMap":{"0":{"name":"Bookmark","decl":{"start":{"line":3,"column":9},"end":{"line":3,"column":17}},"loc":{"start":{"line":3,"column":26},"end":{"line":11,"column":1}},"line":3},"1":{"name":"(anonymous_1)","decl":{"start":{"line":8,"column":24},"end":{"line":8,"column":25}},"loc":{"start":{"line":8,"column":30},"end":{"line":8,"column":41}},"line":8}},"branchMap":{},"s":{"0":1,"1":1,"2":0},"f":{"0":1,"1":0},"b":{},"_coverageSchema":"332fd63041d2c1bcb487cc26dd0d5f7d97098a6c","hash":"d0cfb95abae30dc5b31ede1369ef262dc6f540fd"}
,"/home/caadmin/class/bookmarks-mern-client-start/bookmarks-mern-client/src/components/SignIn.js": {"path":"/home/caadmin/class/bookmarks-mern-client-start/bookmarks-mern-client/src/components/SignIn.js","statementMap":{"0":{"start":{"line":4,"column":2},"end":{"line":9,"column":9}}},"fnMap":{"0":{"name":"(anonymous_0)","decl":{"start":{"line":3,"column":15},"end":{"line":3,"column":16}},"loc":{"start":{"line":4,"column":2},"end":{"line":9,"column":9}},"line":4}},"branchMap":{"0":{"loc":{"start":{"line":5,"column":6},"end":{"line":5,"column":41}},"type":"binary-expr","locations":[{"start":{"line":5,"column":6},"end":{"line":5,"column":16}},{"start":{"line":5,"column":20},"end":{"line":5,"column":41}}],"line":5}},"s":{"0":1},"f":{"0":1},"b":{"0":[1,1]},"_coverageSchema":"332fd63041d2c1bcb487cc26dd0d5f7d97098a6c","hash":"f9d2fda709b196fb02f807018fc9e76b0aed3559"}
,"/home/caadmin/class/bookmarks-mern-client-start/bookmarks-mern-client/src/services/BookmarkService.js": {"path":"/home/caadmin/class/bookmarks-mern-client-start/bookmarks-mern-client/src/services/BookmarkService.js","statementMap":{"0":{"start":{"line":1,"column":13},"end":{"line":1,"column":75}},"1":{"start":{"line":1,"column":75},"end":{"line":1,"column":135}},"2":{"start":{"line":1,"column":148},"end":{"line":1,"column":167}},"3":{"start":{"line":1,"column":182},"end":{"line":1,"column":212}},"4":{"start":{"line":2,"column":15},"end":{"line":2,"column":36}},"5":{"start":{"line":3,"column":12},"end":{"line":3,"column":34}},"6":{"start":{"line":3,"column":73},"end":{"line":3,"column":127}},"7":{"start":{"line":5,"column":23},"end":{"line":14,"column":1}},"8":{"start":{"line":6,"column":2},"end":{"line":13,"column":3}},"9":{"start":{"line":7,"column":22},"end":{"line":7,"column":55}},"10":{"start":{"line":8,"column":4},"end":{"line":8,"column":32}},"11":{"start":{"line":9,"column":4},"end":{"line":9,"column":79}},"12":{"start":{"line":12,"column":4},"end":{"line":12,"column":50}},"13":{"start":{"line":16,"column":23},"end":{"line":25,"column":1}},"14":{"start":{"line":17,"column":2},"end":{"line":17,"column":55}},"15":{"start":{"line":18,"column":16},"end":{"line":18,"column":95}},"16":{"start":{"line":18,"column":75},"end":{"line":18,"column":94}},"17":{"start":{"line":19,"column":2},"end":{"line":24,"column":3}},"18":{"start":{"line":21,"column":22},"end":{"line":21,"column":63}},"19":{"start":{"line":22,"column":4},"end":{"line":22,"column":31}},"20":{"start":{"line":23,"column":4},"end":{"line":23,"column":74}},"21":{"start":{"line":25,"column":2},"end":{"line":27,"column":32}},"22":{"start":{"line":27,"column":32},"end":{"line":27,"column":72}}},"fnMap":{"0":{"name":"_interopRequireDefault","decl":{"start":{"line":3,"column":44},"end":{"line":3,"column":66}},"loc":{"start":{"line":3,"column":72},"end":{"line":3,"column":128}},"line":3},"1":{"name":"(anonymous_1)","decl":{"start":{"line":5,"column":23},"end":{"line":5,"column":24}},"loc":{"start":{"line":5,"column":35},"end":{"line":14,"column":1}},"line":5},"2":{"name":"(anonymous_2)","decl":{"start":{"line":16,"column":23},"end":{"line":16,"column":24}},"loc":{"start":{"line":16,"column":29},"end":{"line":25,"column":1}},"line":16},"3":{"name":"(anonymous_3)","decl":{"start":{"line":18,"column":63},"end":{"line":18,"column":64}},"loc":{"start":{"line":18,"column":75},"end":{"line":18,"column":94}},"line":18}},"branchMap":{"0":{"loc":{"start":{"line":3,"column":80},"end":{"line":3,"column":126}},"type":"cond-expr","locations":[{"start":{"line":3,"column":104},"end":{"line":3,"column":107}},{"start":{"line":3,"column":110},"end":{"line":3,"column":126}}],"line":3},"1":{"loc":{"start":{"line":3,"column":80},"end":{"line":3,"column":101}},"type":"binary-expr","locations":[{"start":{"line":3,"column":80},"end":{"line":3,"column":83}},{"start":{"line":3,"column":87},"end":{"line":3,"column":101}}],"line":3},"2":{"loc":{"start":{"line":19,"column":2},"end":{"line":24,"column":3}},"type":"if","locations":[{"start":{"line":19,"column":2},"end":{"line":24,"column":3}},{"start":{"line":19,"column":2},"end":{"line":24,"column":3}}],"line":19}},"s":{"0":0,"1":0,"2":0,"3":0,"4":0,"5":0,"6":0,"7":0,"8":0,"9":0,"10":0,"11":0,"12":0,"13":0,"14":0,"15":0,"16":0,"17":0,"18":0,"19":0,"20":0,"21":0,"22":0},"f":{"0":0,"1":0,"2":0,"3":0},"b":{"0":[0,0],"1":[0,0],"2":[0,0]}}
}
